[debug] [2022-01-09T16:23:24.407Z] ----------------------------------------------------------------------
[debug] [2022-01-09T16:23:24.408Z] Command:       /usr/local/bin/node /usr/local/bin/firebase emulators:start --only functions
[debug] [2022-01-09T16:23:24.409Z] CLI Version:   10.0.1
[debug] [2022-01-09T16:23:24.409Z] Platform:      darwin
[debug] [2022-01-09T16:23:24.409Z] Node Version:  v16.13.1
[debug] [2022-01-09T16:23:24.410Z] Time:          Sun Jan 09 2022 11:23:24 GMT-0500 (hora estándar de Colombia)
[debug] [2022-01-09T16:23:24.411Z] ----------------------------------------------------------------------
[debug] 
[debug] [2022-01-09T16:23:24.452Z] > command requires scopes: ["email","openid","https://www.googleapis.com/auth/cloudplatformprojects.readonly","https://www.googleapis.com/auth/firebase","https://www.googleapis.com/auth/cloud-platform"]
[debug] [2022-01-09T16:23:24.452Z] > authorizing via signed-in user (nicolas@ncodes.dev)
[info] i  emulators: Starting emulators: functions {"metadata":{"emulator":{"name":"hub"},"message":"Starting emulators: functions"}}
[debug] [2022-01-09T16:23:24.471Z] [hub] writing locator at /var/folders/g3/zhv5d70d5zb8qtswz264crs40000gn/T/hub-assembles-dev.json
[warn] ⚠  functions: The following emulators are not running, calls to these services from the Functions emulator will affect production: auth, firestore, database, hosting, pubsub, storage {"metadata":{"emulator":{"name":"functions"},"message":"The following emulators are not running, calls to these services from the Functions emulator will affect production: \u001b[1mauth, firestore, database, hosting, pubsub, storage\u001b[22m"}}
[warn] ⚠  Your requested "node" version "14" doesn't match your global version "16" {"metadata":{"emulator":{"name":"functions"},"message":"Your requested \"node\" version \"14\" doesn't match your global version \"16\""}}
[debug] [2022-01-09T16:23:24.508Z] defaultcredentials: writing to file /Users/nicolas/.config/firebase/nicolas_ncodes_dev_application_default_credentials.json
[debug] [2022-01-09T16:23:24.515Z] Setting GAC to /Users/nicolas/.config/firebase/nicolas_ncodes_dev_application_default_credentials.json {"metadata":{"emulator":{"name":"functions"},"message":"Setting GAC to /Users/nicolas/.config/firebase/nicolas_ncodes_dev_application_default_credentials.json"}}
[debug] [2022-01-09T16:23:24.517Z] >>> [apiv2][query] GET https://firebase.googleapis.com/v1beta1/projects/assembles-dev/adminSdkConfig [none]
[debug] [2022-01-09T16:23:25.044Z] <<< [apiv2][status] GET https://firebase.googleapis.com/v1beta1/projects/assembles-dev/adminSdkConfig 200
[debug] [2022-01-09T16:23:25.045Z] <<< [apiv2][body] GET https://firebase.googleapis.com/v1beta1/projects/assembles-dev/adminSdkConfig {"projectId":"assembles-dev","storageBucket":"assembles-dev.appspot.com","locationId":"us-central"}
[debug] [2022-01-09T16:23:25.079Z] Ignoring unsupported arg: auto_download {"metadata":{"emulator":{"name":"ui"},"message":"Ignoring unsupported arg: auto_download"}}
[debug] [2022-01-09T16:23:25.079Z] Ignoring unsupported arg: port {"metadata":{"emulator":{"name":"ui"},"message":"Ignoring unsupported arg: port"}}
[debug] [2022-01-09T16:23:25.080Z] Starting Emulator UI with command {"binary":"node","args":["/Users/nicolas/.cache/firebase/emulators/ui-v1.6.4/server.bundle.js"],"optionalArgs":[],"joinArgs":false} {"metadata":{"emulator":{"name":"ui"},"message":"Starting Emulator UI with command {\"binary\":\"node\",\"args\":[\"/Users/nicolas/.cache/firebase/emulators/ui-v1.6.4/server.bundle.js\"],\"optionalArgs\":[],\"joinArgs\":false}"}}
[info] i  ui: Emulator UI logging to ui-debug.log {"metadata":{"emulator":{"name":"ui"},"message":"Emulator UI logging to \u001b[1mui-debug.log\u001b[22m"}}
[debug] [2022-01-09T16:23:25.181Z] Web / API server started at localhost:4000
 {"metadata":{"emulator":{"name":"ui"},"message":"Web / API server started at localhost:4000\n"}}
[info] i  functions: Watching "/Users/nicolas/Desktop/Nicolas/mechas/backend/functions" for Cloud Functions... {"metadata":{"emulator":{"name":"functions"},"message":"Watching \"/Users/nicolas/Desktop/Nicolas/mechas/backend/functions\" for Cloud Functions..."}}
[debug] [2022-01-09T16:23:25.370Z] [worker-pool] addWorker(~diagnostic~) {"metadata":{"emulator":{"name":"functions"},"message":"[worker-pool] addWorker(~diagnostic~)"}}
[debug] [2022-01-09T16:23:25.371Z] [worker-pool] Adding worker with key ~diagnostic~, total=1 {"metadata":{"emulator":{"name":"functions"},"message":"[worker-pool] Adding worker with key ~diagnostic~, total=1"}}
[debug] [2022-01-09T16:23:25.371Z] [worker-pool] submitWork(triggerId=) {"metadata":{"emulator":{"name":"functions"},"message":"[worker-pool] submitWork(triggerId=)"}}
[debug] [2022-01-09T16:23:25.372Z] [worker-~diagnostic~-38a5a5a1-86de-4de1-bc86-c9ef79bd3afc]: Assigning socketPath: /var/folders/g3/zhv5d70d5zb8qtswz264crs40000gn/T/fire_emu_14231.sock {"metadata":{"emulator":{"name":"functions"},"message":"[worker-~diagnostic~-38a5a5a1-86de-4de1-bc86-c9ef79bd3afc]: Assigning socketPath: /var/folders/g3/zhv5d70d5zb8qtswz264crs40000gn/T/fire_emu_14231.sock"}}
[debug] [2022-01-09T16:23:25.372Z] [worker-~diagnostic~-38a5a5a1-86de-4de1-bc86-c9ef79bd3afc]: BUSY {"metadata":{"emulator":{"name":"functions"},"message":"[worker-~diagnostic~-38a5a5a1-86de-4de1-bc86-c9ef79bd3afc]: BUSY"}}
[debug] [2022-01-09T16:23:25.496Z] [runtime-status] [14231] Functions runtime initialized. {"cwd":"/Users/nicolas/Desktop/Nicolas/mechas/backend/functions","node_version":"16.13.1"} {"metadata":{"emulator":{"name":"functions"},"message":"[runtime-status] [14231] Functions runtime initialized. {\"cwd\":\"/Users/nicolas/Desktop/Nicolas/mechas/backend/functions\",\"node_version\":\"16.13.1\"}"}}
[debug] [2022-01-09T16:23:25.496Z] [runtime-status] [14231] Disabled runtime features: undefined {"metadata":{"emulator":{"name":"functions"},"message":"[runtime-status] [14231] Disabled runtime features: undefined"}}
[debug] [2022-01-09T16:23:25.498Z] [runtime-status] [14231] Resolved module firebase-admin {"declared":true,"installed":true,"version":"9.11.0","resolution":"/Users/nicolas/Desktop/Nicolas/mechas/backend/functions/node_modules/firebase-admin/lib/index.js"} {"metadata":{"emulator":{"name":"functions"},"message":"[runtime-status] [14231] Resolved module firebase-admin {\"declared\":true,\"installed\":true,\"version\":\"9.11.0\",\"resolution\":\"/Users/nicolas/Desktop/Nicolas/mechas/backend/functions/node_modules/firebase-admin/lib/index.js\"}"}}
[debug] [2022-01-09T16:23:25.499Z] [runtime-status] [14231] Resolved module firebase-functions {"declared":true,"installed":true,"version":"3.14.1","resolution":"/Users/nicolas/Desktop/Nicolas/mechas/backend/functions/node_modules/firebase-functions/lib/index.js"} {"metadata":{"emulator":{"name":"functions"},"message":"[runtime-status] [14231] Resolved module firebase-functions {\"declared\":true,\"installed\":true,\"version\":\"3.14.1\",\"resolution\":\"/Users/nicolas/Desktop/Nicolas/mechas/backend/functions/node_modules/firebase-functions/lib/index.js\"}"}}
[debug] [2022-01-09T16:23:25.501Z] [runtime-status] [14231] Outgoing network have been stubbed. [{"name":"http","status":"mocked"},{"name":"http","status":"mocked"},{"name":"https","status":"mocked"},{"name":"https","status":"mocked"},{"name":"net","status":"mocked"}] {"metadata":{"emulator":{"name":"functions"},"message":"[runtime-status] [14231] Outgoing network have been stubbed. [{\"name\":\"http\",\"status\":\"mocked\"},{\"name\":\"http\",\"status\":\"mocked\"},{\"name\":\"https\",\"status\":\"mocked\"},{\"name\":\"https\",\"status\":\"mocked\"},{\"name\":\"net\",\"status\":\"mocked\"}]"}}
[debug] [2022-01-09T16:23:25.501Z] [runtime-status] [14231] Resolved module firebase-functions {"declared":true,"installed":true,"version":"3.14.1","resolution":"/Users/nicolas/Desktop/Nicolas/mechas/backend/functions/node_modules/firebase-functions/lib/index.js"} {"metadata":{"emulator":{"name":"functions"},"message":"[runtime-status] [14231] Resolved module firebase-functions {\"declared\":true,\"installed\":true,\"version\":\"3.14.1\",\"resolution\":\"/Users/nicolas/Desktop/Nicolas/mechas/backend/functions/node_modules/firebase-functions/lib/index.js\"}"}}
[debug] [2022-01-09T16:23:25.560Z] [runtime-status] [14231] Checked functions.config() {"config":{}} {"metadata":{"emulator":{"name":"functions"},"message":"[runtime-status] [14231] Checked functions.config() {\"config\":{}}"}}
[debug] [2022-01-09T16:23:25.561Z] [runtime-status] [14231] firebase-functions has been stubbed. {"functionsResolution":{"declared":true,"installed":true,"version":"3.14.1","resolution":"/Users/nicolas/Desktop/Nicolas/mechas/backend/functions/node_modules/firebase-functions/lib/index.js"}} {"metadata":{"emulator":{"name":"functions"},"message":"[runtime-status] [14231] firebase-functions has been stubbed. {\"functionsResolution\":{\"declared\":true,\"installed\":true,\"version\":\"3.14.1\",\"resolution\":\"/Users/nicolas/Desktop/Nicolas/mechas/backend/functions/node_modules/firebase-functions/lib/index.js\"}}"}}
[debug] [2022-01-09T16:23:25.561Z] [runtime-status] [14231] Resolved module firebase-functions {"declared":true,"installed":true,"version":"3.14.1","resolution":"/Users/nicolas/Desktop/Nicolas/mechas/backend/functions/node_modules/firebase-functions/lib/index.js"} {"metadata":{"emulator":{"name":"functions"},"message":"[runtime-status] [14231] Resolved module firebase-functions {\"declared\":true,\"installed\":true,\"version\":\"3.14.1\",\"resolution\":\"/Users/nicolas/Desktop/Nicolas/mechas/backend/functions/node_modules/firebase-functions/lib/index.js\"}"}}
[debug] [2022-01-09T16:23:25.563Z] [runtime-status] [14231] Resolved module firebase-admin {"declared":true,"installed":true,"version":"9.11.0","resolution":"/Users/nicolas/Desktop/Nicolas/mechas/backend/functions/node_modules/firebase-admin/lib/index.js"} {"metadata":{"emulator":{"name":"functions"},"message":"[runtime-status] [14231] Resolved module firebase-admin {\"declared\":true,\"installed\":true,\"version\":\"9.11.0\",\"resolution\":\"/Users/nicolas/Desktop/Nicolas/mechas/backend/functions/node_modules/firebase-admin/lib/index.js\"}"}}
[debug] [2022-01-09T16:23:25.563Z] [runtime-status] [14231] Resolved module firebase-functions {"declared":true,"installed":true,"version":"3.14.1","resolution":"/Users/nicolas/Desktop/Nicolas/mechas/backend/functions/node_modules/firebase-functions/lib/index.js"} {"metadata":{"emulator":{"name":"functions"},"message":"[runtime-status] [14231] Resolved module firebase-functions {\"declared\":true,\"installed\":true,\"version\":\"3.14.1\",\"resolution\":\"/Users/nicolas/Desktop/Nicolas/mechas/backend/functions/node_modules/firebase-functions/lib/index.js\"}"}}
[debug] [2022-01-09T16:23:25.563Z] [runtime-status] [14231] firebase-admin has been stubbed. {"adminResolution":{"declared":true,"installed":true,"version":"9.11.0","resolution":"/Users/nicolas/Desktop/Nicolas/mechas/backend/functions/node_modules/firebase-admin/lib/index.js"}} {"metadata":{"emulator":{"name":"functions"},"message":"[runtime-status] [14231] firebase-admin has been stubbed. {\"adminResolution\":{\"declared\":true,\"installed\":true,\"version\":\"9.11.0\",\"resolution\":\"/Users/nicolas/Desktop/Nicolas/mechas/backend/functions/node_modules/firebase-admin/lib/index.js\"}}"}}
[debug] [2022-01-09T16:23:25.633Z] [runtime-status] [14231] initializeApp(DEFAULT) {"credential":{"implicit":false,"projectId":"mechas-882f9","privateKey":"-----BEGIN PRIVATE KEY-----\nMIIEvQIBADANBgkqhkiG9w0BAQEFAASCBKcwggSjAgEAAoIBAQCaWECiM6hsztPx\nT2xGBdpvcj9ZNR3uDown6iP9ZlHQfWM3p5O3VXBzohDqsAutozQ5PiZmTy4uONVk\n7Sx26l9oeuz98HotQKXvTh8aOakxS27X4OI4SR3eQoeCs0C93lMzCjo2UisSOCfa\nwt+ZaCj5EA1WV+9SKwFDd7ihu4WiYtfMhqm/n/iOzX7LW1ZtykYGIxbVY9SA5J+i\n3DaUgOie0C9QyWMFYP/drj6HRDkf/b43QuO5F7Mqf4cNqZga3SkLqyGISgxcyAoi\nCM/NGj4oT6WW9TcuVbs3kFwKEqWXr7EgCHPsGtOS5C711x2nGApGOq+eeGIoXulw\nJWSwXrJxAgMBAAECggEAAUMhFdp/i/1AheKOWipp1rERNCREsC8psFlgODjWHjL/\npNi/suIAXeJjSkdh3xEyEq5FD4o3UII0j43c0q+jE7EJVLXQNU7IKfNM+pCiZzXC\nAdgJWD2+gGmcSgJihbL74fOEAJtOgMiECJcA+l7mp+Ecr3o1Cd+yE9MhXR7nbmmm\nhb8W4E/vgVKUIpRqla+VdVkTe8AcNbT8tDCkz6eC4LTbNtXksVo+uQ2R5WKuwv7K\noRYTYdGlGmumbAcqGBefgtHFD1rjeG42Ir5qH8O7bSNUHFSyWQgSwItFPt5h9m/z\nizj+gxTU08WXqgvegDMsoBs2xfdIK/wnnlbZYnPFwQKBgQDG4H//mgoK6xd8HRMk\nSc+PquRlM9q6bO3cejsr2xA9n83lB3rjzUaP32PST5JPHKbQ3wkcGYA+uJJSDNpa\nE/JU4x9N1Pdrf3xKRf8GJH7+ApHggHdjkQM18iDNKJ5CjQwNUGe4mxOMjn9YweVt\nKf5vZlwsUZS4ln8hp5BhRUDVYQKBgQDGrUf7+Kg50hUfZ0RQ5mvi1I0g915AegwF\nP5bU4uGi84NfeFLXi+F7S242BpQ1rNwScNOErvaGOeGAEXdRAqduTqnvyEjH1uZq\nmcKkLVeXiiUP5zJfTCjjq5ohLIDyLvYz28os0lPDyyJf4O/GtMgrbaYCP8mLeEiI\n/tSh/kbnEQKBgEbWCeFRzYfsCpZjiMDhJXQHq4g8ewjx6ZshUlghk9xPQjf0fRoM\nsLhoGhb7zqItE2HMP2Np1dsBROTCvTdeaW9A4pKHa4U3iF6wJdDbSPxSkAEF4QBu\n01TwpCxO7mfH82X+oKMJYWIsE0Ha9kv2rDCjpesHN9Czkh67n1p2H0yhAoGBAMNP\nEVbIyUeeGJm4gNYuzpw8a0ifJQ6pbCu0qWg6aaoxTVKLDJVMs6rrKjr+GLDzb5zJ\nQYZMIZkuSVoG0Y7X1xR/TFumPrYFspnU8h1HXbZhXbHWjBRW4FOAHJLEFzb9p5av\nWH7bfPEbPn2WuOBUU/stXWcUoeLzqgrSyOE/ASChAoGAHsAUiAg/SOBLWcehoZAU\n7XQLfw9S/lCvl+xG1S/i7p5+wytqsLL7YZ78Ng1Fq0iI30ZDpqm9drXlnNQLz6mj\ndDms9CjWbH0YCEiWM+1Rj50PZDNxHujTHep5i4BNab1FOoNmWdzjW2F2bAYmr++h\n5z2KExI+HooHSmfkjZF4l70=\n-----END PRIVATE KEY-----\n","clientEmail":"firebase-adminsdk-4yida@mechas-882f9.iam.gserviceaccount.com","httpClient":{"retry":{"maxRetries":4,"statusCodes":[503],"ioErrorCodes":["ECONNRESET","ETIMEDOUT"],"backOffFactor":0.5,"maxDelayInMillis":60000}}}} {"metadata":{"emulator":{"name":"functions"},"message":"[runtime-status] [14231] initializeApp(DEFAULT) {\"credential\":{\"implicit\":false,\"projectId\":\"mechas-882f9\",\"privateKey\":\"-----BEGIN PRIVATE KEY-----\\nMIIEvQIBADANBgkqhkiG9w0BAQEFAASCBKcwggSjAgEAAoIBAQCaWECiM6hsztPx\\nT2xGBdpvcj9ZNR3uDown6iP9ZlHQfWM3p5O3VXBzohDqsAutozQ5PiZmTy4uONVk\\n7Sx26l9oeuz98HotQKXvTh8aOakxS27X4OI4SR3eQoeCs0C93lMzCjo2UisSOCfa\\nwt+ZaCj5EA1WV+9SKwFDd7ihu4WiYtfMhqm/n/iOzX7LW1ZtykYGIxbVY9SA5J+i\\n3DaUgOie0C9QyWMFYP/drj6HRDkf/b43QuO5F7Mqf4cNqZga3SkLqyGISgxcyAoi\\nCM/NGj4oT6WW9TcuVbs3kFwKEqWXr7EgCHPsGtOS5C711x2nGApGOq+eeGIoXulw\\nJWSwXrJxAgMBAAECggEAAUMhFdp/i/1AheKOWipp1rERNCREsC8psFlgODjWHjL/\\npNi/suIAXeJjSkdh3xEyEq5FD4o3UII0j43c0q+jE7EJVLXQNU7IKfNM+pCiZzXC\\nAdgJWD2+gGmcSgJihbL74fOEAJtOgMiECJcA+l7mp+Ecr3o1Cd+yE9MhXR7nbmmm\\nhb8W4E/vgVKUIpRqla+VdVkTe8AcNbT8tDCkz6eC4LTbNtXksVo+uQ2R5WKuwv7K\\noRYTYdGlGmumbAcqGBefgtHFD1rjeG42Ir5qH8O7bSNUHFSyWQgSwItFPt5h9m/z\\nizj+gxTU08WXqgvegDMsoBs2xfdIK/wnnlbZYnPFwQKBgQDG4H//mgoK6xd8HRMk\\nSc+PquRlM9q6bO3cejsr2xA9n83lB3rjzUaP32PST5JPHKbQ3wkcGYA+uJJSDNpa\\nE/JU4x9N1Pdrf3xKRf8GJH7+ApHggHdjkQM18iDNKJ5CjQwNUGe4mxOMjn9YweVt\\nKf5vZlwsUZS4ln8hp5BhRUDVYQKBgQDGrUf7+Kg50hUfZ0RQ5mvi1I0g915AegwF\\nP5bU4uGi84NfeFLXi+F7S242BpQ1rNwScNOErvaGOeGAEXdRAqduTqnvyEjH1uZq\\nmcKkLVeXiiUP5zJfTCjjq5ohLIDyLvYz28os0lPDyyJf4O/GtMgrbaYCP8mLeEiI\\n/tSh/kbnEQKBgEbWCeFRzYfsCpZjiMDhJXQHq4g8ewjx6ZshUlghk9xPQjf0fRoM\\nsLhoGhb7zqItE2HMP2Np1dsBROTCvTdeaW9A4pKHa4U3iF6wJdDbSPxSkAEF4QBu\\n01TwpCxO7mfH82X+oKMJYWIsE0Ha9kv2rDCjpesHN9Czkh67n1p2H0yhAoGBAMNP\\nEVbIyUeeGJm4gNYuzpw8a0ifJQ6pbCu0qWg6aaoxTVKLDJVMs6rrKjr+GLDzb5zJ\\nQYZMIZkuSVoG0Y7X1xR/TFumPrYFspnU8h1HXbZhXbHWjBRW4FOAHJLEFzb9p5av\\nWH7bfPEbPn2WuOBUU/stXWcUoeLzqgrSyOE/ASChAoGAHsAUiAg/SOBLWcehoZAU\\n7XQLfw9S/lCvl+xG1S/i7p5+wytqsLL7YZ78Ng1Fq0iI30ZDpqm9drXlnNQLz6mj\\ndDms9CjWbH0YCEiWM+1Rj50PZDNxHujTHep5i4BNab1FOoNmWdzjW2F2bAYmr++h\\n5z2KExI+HooHSmfkjZF4l70=\\n-----END PRIVATE KEY-----\\n\",\"clientEmail\":\"firebase-adminsdk-4yida@mechas-882f9.iam.gserviceaccount.com\",\"httpClient\":{\"retry\":{\"maxRetries\":4,\"statusCodes\":[503],\"ioErrorCodes\":[\"ECONNRESET\",\"ETIMEDOUT\"],\"backOffFactor\":0.5,\"maxDelayInMillis\":60000}}}}"}}
[info] ✔  functions[us-central1-createAphorism]: http function initialized (http://localhost:5001/assembles-dev/us-central1/createAphorism). {"metadata":{"emulator":{"name":"functions"},"message":"\u001b[1mhttp\u001b[22m function initialized (http://localhost:5001/assembles-dev/us-central1/createAphorism)."}}
[info] 
┌─────────────────────────────────────────────────────────────┐
│ ✔  All emulators ready! It is now safe to connect your app. │
│ i  View Emulator UI at http://localhost:4000                │
└─────────────────────────────────────────────────────────────┘

┌───────────┬────────────────┬─────────────────────────────────┐
│ Emulator  │ Host:Port      │ View in Emulator UI             │
├───────────┼────────────────┼─────────────────────────────────┤
│ Functions │ localhost:5001 │ http://localhost:4000/functions │
└───────────┴────────────────┴─────────────────────────────────┘
  Emulator Hub running at localhost:4400
  Other reserved ports: 4500

Issues? Report them at https://github.com/firebase/firebase-tools/issues and attach the *-debug.log files.
 
[debug] [2022-01-09T16:23:25.639Z] [worker-~diagnostic~-38a5a5a1-86de-4de1-bc86-c9ef79bd3afc]: IDLE {"metadata":{"emulator":{"name":"functions"},"message":"[worker-~diagnostic~-38a5a5a1-86de-4de1-bc86-c9ef79bd3afc]: IDLE"}}
